# JRE version: OpenJDK Runtime Environment Temurin-17.0.6+10 (17.0.6+10) (build 17.0.6+10)
# Java VM: OpenJDK 64-Bit Server VM Temurin-17.0.6+10 (17.0.6+10, mixed mode, sharing, tiered, compressed oops, compressed class ptrs, g1 gc, windows-amd64)
GC Precious Log:
 CPUs: 16 total, 16 available
 Memory: 32716M
 Large Page Support: Disabled
 NUMA Support: Disabled
 Compressed Oops: Enabled (Zero based)
 Heap Region Size: 4M
 Heap Min Capacity: 8M
 Heap Initial Capacity: 512M
 Heap Max Capacity: 8180M
 Pre-touch: Disabled
 Parallel Workers: 13
 Concurrent Workers: 3
 Concurrent Refinement Workers: 13
 Periodic GC: Disabled
Heap:
 garbage-first heap   total 389120K, used 259792K [0x0000000600c00000, 0x0000000800000000)
  region size 4096K, 25 young (102400K), 1 survivors (4096K)
 Metaspace       used 65204K, committed 66368K, reserved 1105920K
  class space    used 9777K, committed 10304K, reserved 1048576K
GC Heap History (20 events):
Event: 5.608 GC heap before
{Heap before GC invocations=11 (full 0):
 garbage-first heap   total 282624K, used 220452K [0x0000000600c00000, 0x0000000800000000)
  region size 4096K, 36 young (147456K), 1 survivors (4096K)
 Metaspace       used 28375K, committed 29184K, reserved 1081344K
  class space    used 3483K, committed 3840K, reserved 1048576K
}
Event: 5.611 GC heap after
{Heap after GC invocations=12 (full 0):
 garbage-first heap   total 282624K, used 79000K [0x0000000600c00000, 0x0000000800000000)
  region size 4096K, 2 young (8192K), 2 survivors (8192K)
 Metaspace       used 28375K, committed 29184K, reserved 1081344K
  class space    used 3483K, committed 3840K, reserved 1048576K
}
Event: 6.029 GC heap before
{Heap before GC invocations=12 (full 0):
 garbage-first heap   total 282624K, used 222360K [0x0000000600c00000, 0x0000000800000000)
  region size 4096K, 37 young (151552K), 2 survivors (8192K)
 Metaspace       used 29707K, committed 30528K, reserved 1081344K
  class space    used 3684K, committed 4032K, reserved 1048576K
}
Event: 6.034 GC heap after
{Heap after GC invocations=13 (full 0):
 garbage-first heap   total 282624K, used 81976K [0x0000000600c00000, 0x0000000800000000)
  region size 4096K, 2 young (8192K), 2 survivors (8192K)
 Metaspace       used 29707K, committed 30528K, reserved 1081344K
  class space    used 3684K, committed 4032K, reserved 1048576K
}
Event: 7.028 GC heap before
{Heap before GC invocations=13 (full 0):
 garbage-first heap   total 282624K, used 241720K [0x0000000600c00000, 0x0000000800000000)
  region size 4096K, 38 young (155648K), 2 survivors (8192K)
 Metaspace       used 33100K, committed 34048K, reserved 1081344K
  class space    used 4117K, committed 4544K, reserved 1048576K
}
Event: 7.032 GC heap after
{Heap after GC invocations=14 (full 0):
 garbage-first heap   total 282624K, used 96676K [0x0000000600c00000, 0x0000000800000000)
  region size 4096K, 3 young (12288K), 3 survivors (12288K)
 Metaspace       used 33100K, committed 34048K, reserved 1081344K
  class space    used 4117K, committed 4544K, reserved 1048576K
}
Event: 7.358 GC heap before
{Heap before GC invocations=14 (full 0):
 garbage-first heap   total 282624K, used 129444K [0x0000000600c00000, 0x0000000800000000)
  region size 4096K, 12 young (49152K), 3 survivors (12288K)
 Metaspace       used 35244K, committed 36096K, reserved 1081344K
  class space    used 4337K, committed 4736K, reserved 1048576K
}
Event: 7.362 GC heap after
{Heap after GC invocations=15 (full 0):
 garbage-first heap   total 282624K, used 97424K [0x0000000600c00000, 0x0000000800000000)
  region size 4096K, 3 young (12288K), 3 survivors (12288K)
 Metaspace       used 35244K, committed 36096K, reserved 1081344K
  class space    used 4337K, committed 4736K, reserved 1048576K
}
Event: 8.257 GC heap before
{Heap before GC invocations=16 (full 0):
 garbage-first heap   total 282624K, used 232592K [0x0000000600c00000, 0x0000000800000000)
  region size 4096K, 36 young (147456K), 3 survivors (12288K)
 Metaspace       used 41315K, committed 42304K, reserved 1089536K
  class space    used 5418K, committed 5888K, reserved 1048576K
}
Event: 8.265 GC heap after
{Heap after GC invocations=17 (full 0):
 garbage-first heap   total 282624K, used 105582K [0x0000000600c00000, 0x0000000800000000)
  region size 4096K, 5 young (20480K), 5 survivors (20480K)
 Metaspace       used 41315K, committed 42304K, reserved 1089536K
  class space    used 5418K, committed 5888K, reserved 1048576K
}
Event: 8.631 GC heap before
{Heap before GC invocations=17 (full 0):
 garbage-first heap   total 282624K, used 228462K [0x0000000600c00000, 0x0000000800000000)
  region size 4096K, 35 young (143360K), 5 survivors (20480K)
 Metaspace       used 42464K, committed 43392K, reserved 1089536K
  class space    used 5609K, committed 6016K, reserved 1048576K
}
Event: 8.651 GC heap after
{Heap after GC invocations=18 (full 0):
 garbage-first heap   total 282624K, used 117606K [0x0000000600c00000, 0x0000000800000000)
  region size 4096K, 5 young (20480K), 5 survivors (20480K)
 Metaspace       used 42464K, committed 43392K, reserved 1089536K
  class space    used 5609K, committed 6016K, reserved 1048576K
}
Event: 8.809 GC heap before
{Heap before GC invocations=18 (full 0):
 garbage-first heap   total 282624K, used 228198K [0x0000000600c00000, 0x0000000800000000)
  region size 4096K, 32 young (131072K), 5 survivors (20480K)
 Metaspace       used 42798K, committed 43776K, reserved 1089536K
  class space    used 5650K, committed 6080K, reserved 1048576K
}
Event: 8.823 GC heap after
{Heap after GC invocations=19 (full 0):
 garbage-first heap   total 282624K, used 130651K [0x0000000600c00000, 0x0000000800000000)
  region size 4096K, 3 young (12288K), 3 survivors (12288K)
 Metaspace       used 42798K, committed 43776K, reserved 1089536K
  class space    used 5650K, committed 6080K, reserved 1048576K
}
Event: 9.291 GC heap before
{Heap before GC invocations=19 (full 0):
 garbage-first heap   total 282624K, used 228955K [0x0000000600c00000, 0x0000000800000000)
  region size 4096K, 27 young (110592K), 3 survivors (12288K)
 Metaspace       used 46657K, committed 47680K, reserved 1097728K
  class space    used 6252K, committed 6720K, reserved 1048576K
}
Event: 9.298 GC heap after
{Heap after GC invocations=20 (full 0):
 garbage-first heap   total 389120K, used 137496K [0x0000000600c00000, 0x0000000800000000)
  region size 4096K, 2 young (8192K), 2 survivors (8192K)
 Metaspace       used 46657K, committed 47680K, reserved 1097728K
  class space    used 6252K, committed 6720K, reserved 1048576K
}
Event: 10.475 GC heap before
{Heap before GC invocations=20 (full 0):
 garbage-first heap   total 389120K, used 309528K [0x0000000600c00000, 0x0000000800000000)
  region size 4096K, 44 young (180224K), 2 survivors (8192K)
 Metaspace       used 57763K, committed 58880K, reserved 1105920K
  class space    used 8558K, committed 9024K, reserved 1048576K
}
Event: 10.485 GC heap after
{Heap after GC invocations=21 (full 0):
 garbage-first heap   total 389120K, used 160938K [0x0000000600c00000, 0x0000000800000000)
  region size 4096K, 6 young (24576K), 6 survivors (24576K)
 Metaspace       used 57763K, committed 58880K, reserved 1105920K
  class space    used 8558K, committed 9024K, reserved 1048576K
}
Event: 10.768 GC heap before
{Heap before GC invocations=21 (full 0):
 garbage-first heap   total 389120K, used 226474K [0x0000000600c00000, 0x0000000800000000)
  region size 4096K, 23 young (94208K), 6 survivors (24576K)
 Metaspace       used 59548K, committed 60608K, reserved 1105920K
  class space    used 8913K, committed 9408K, reserved 1048576K
}
Event: 10.776 GC heap after
{Heap after GC invocations=22 (full 0):
 garbage-first heap   total 389120K, used 165584K [0x0000000600c00000, 0x0000000800000000)
  region size 4096K, 1 young (4096K), 1 survivors (4096K)
 Metaspace       used 59548K, committed 60608K, reserved 1105920K
  class space    used 8913K, committed 9408K, reserved 1048576K
}

